#
# There is insufficient memory for the Java Runtime Environment to continue.
# Native memory allocation (mmap) failed to map 65011712 bytes for G1 virtual space
# Possible reasons:
#   The system is out of physical RAM or swap space
#   The process is running with CompressedOops enabled, and the Java Heap may be blocking the growth of the native heap
# Possible solutions:
#   Reduce memory load on the system
#   Increase physical memory or swap space
#   Check if swap backing store is full
#   Decrease Java heap size (-Xmx/-Xms)
#   Decrease number of Java threads
#   Decrease Java thread stack sizes (-Xss)
#   Set larger code cache with -XX:ReservedCodeCacheSize=
#   JVM is running with Unscaled Compressed Oops mode in which the Java heap is
#     placed in the first 4GB address space. The Java Heap base address is the
#     maximum limit for the native heap growth. Please use -XX:HeapBaseMinAddress
#     to set the Java Heap base and to place the Java Heap above 4GB virtual address.
# This output file may be truncated or incomplete.
#
#  Out of Memory Error (os_windows.cpp:3527), pid=7728, tid=10264
#
# JRE version:  (19.0.1+10) (build )
# Java VM: Java HotSpot(TM) 64-Bit Server VM (19.0.1+10-21, mixed mode, sharing, tiered, compressed oops, compressed class ptrs, g1 gc, windows-amd64)
# No core dump will be written. Minidumps are not enabled by default on client versions of Windows
#

---------------  S U M M A R Y ------------

Command Line: -Dfile.encoding=UTF-8 -XX:+ShowCodeDetailsInExceptionMessages view.chatr

Host: Intel(R) Core(TM) i5-7200U CPU @ 2.50GHz, 4 cores, 3G,  Windows 10 , 64 bit Build 19041 (10.0.19041.2546)
Time: Wed Mar  1 04:33:41 2023 SE Asia Standard Time elapsed time: 0.021488 seconds (0d 0h 0m 0s)

---------------  T H R E A D  ---------------

Current thread (0x0000017e29f37f90):  JavaThread "Unknown thread" [_thread_in_vm, id=10264, stack(0x0000001f91000000,0x0000001f91100000)]

Stack: [0x0000001f91000000,0x0000001f91100000]
Native frames: (J=compiled Java code, j=interpreted, Vv=VM code, C=native code)
V  [jvm.dll+0x6ee8fa]
V  [jvm.dll+0x857a1e]
V  [jvm.dll+0x85940e]
V  [jvm.dll+0x859ac3]
V  [jvm.dll+0x28291f]
V  [jvm.dll+0x6eb6e9]
V  [jvm.dll+0x6e028a]
V  [jvm.dll+0x357136]
V  [jvm.dll+0x35eb96]
V  [jvm.dll+0x3b555e]
V  [jvm.dll+0x3b578f]
V  [jvm.dll+0x32c6ea]
V  [jvm.dll+0x32d59e]
V  [jvm.dll+0x821b20]
V  [jvm.dll+0x3c27c1]
V  [jvm.dll+0x8022f1]
V  [jvm.dll+0x44b30f]
V  [jvm.dll+0x44cc91]
C  [jli.dll+0x5287]
C  [ucrtbase.dll+0x21bb2]
C  [KERNEL32.DLL+0x17614]
C  [ntdll.dll+0x526a1]


---------------  P R O C E S S  ---------------

Threads class SMR info:
_java_thread_list=0x00007fff65c8d048, length=0, elements={
}

Java Threads: ( => current thread )

Other Threads:
  0x0000017e29f7b140 WorkerThread "GC Thread#0" [stack: 0x0000001f91100000,0x0000001f91200000] [id=14228]
  0x0000017e29f83c20 ConcurrentGCThread "G1 Main Marker" [stack: 0x0000001f91200000,0x0000001f91300000] [id=10704]
  0x0000017e29f847f0 WorkerThread "G1 Conc#0" [stack: 0x0000001f91300000,0x0000001f91400000] [id=8608]

[error occurred during error reporting (printing all threads), id 0xc0000005, EXCEPTION_ACCESS_VIOLATION (0xc0000005) at pc=0x00007fff6544d127]

VM state: not at safepoint (not fully initialized)

VM Mutex/Monitor currently owned by a thread:  ([mutex/lock_event])
[0x0000017e29f36110] Heap_lock - owner thread: 0x0000017e29f37f90

Heap address: 0x00000000c2400000, size: 988 MB, Compressed Oops mode: 32-bit

CDS archive(s) mapped at: [0x0000000000000000-0x0000000000000000-0x0000000000000000), size 0, SharedBaseAddress: 0x0000000800000000, ArchiveRelocationMode: 0.
Narrow klass base: 0x0000000000000000, Narrow klass shift: 0, Narrow klass range: 0x0

GC Precious Log:
 CardTable entry size: 512
 Card Set container configuration: InlinePtr #cards 5 size 8 Array Of Cards #cards 12 size 40 Howl #buckets 4 coarsen threshold 1843 Howl Bitmap #cards 512 size 80 coarsen threshold 460 Card regions per heap region 1 cards per card region 2048

Heap:
 garbage-first heap   total 0K, used 0K [0x00000000c2400000, 0x0000000100000000)
  region size 1024K, 0 young (0K), 0 survivors (0K)

[error occurred during error reporting (printing heap information), id 0xc0000005, EXCEPTION_ACCESS_VIOLATION (0xc0000005) at pc=0x00007fff65856959]

GC Heap History (0 events):
No events

Dll operation events (1 events):
Event: 0.012 Loaded shared library C:\Program Files\bin\java.dll

Deoptimization events (0 events):
No events

Classes loaded (0 events):
No events

Classes unloaded (0 events):
No events

Classes redefined (0 events):
No events

Internal exceptions (0 events):
No events

VM Operations (0 events):
No events

Events (0 events):
No events


Dynamic libraries:
0x00007ff7e5f80000 - 0x00007ff7e5f90000 	C:\Program Files\bin\javaw.exe
0x00007fffcda70000 - 0x00007fffcdc68000 	C:\Windows\SYSTEM32\ntdll.dll
0x00007fffcd550000 - 0x00007fffcd60f000 	C:\Windows\System32\KERNEL32.DLL
0x00007fffcb510000 - 0x00007fffcb7e2000 	C:\Windows\System32\KERNELBASE.dll
0x00007fffcb410000 - 0x00007fffcb510000 	C:\Windows\System32\ucrtbase.dll
0x00007fffc1c20000 - 0x00007fffc1c38000 	C:\Program Files\bin\jli.dll
0x00007fffc3860000 - 0x00007fffc387b000 	C:\Program Files\bin\VCRUNTIME140.dll
0x00007fffcbc80000 - 0x00007fffcbd2e000 	C:\Windows\System32\ADVAPI32.dll
0x00007fffccf10000 - 0x00007fffccfae000 	C:\Windows\System32\msvcrt.dll
0x00007fffcc9b0000 - 0x00007fffcca4c000 	C:\Windows\System32\sechost.dll
0x00007fffcd890000 - 0x00007fffcd9b5000 	C:\Windows\System32\RPCRT4.dll
0x00007fffccb20000 - 0x00007fffcccc1000 	C:\Windows\System32\USER32.dll
0x00007fffcb840000 - 0x00007fffcb862000 	C:\Windows\System32\win32u.dll
0x00007fffcbd30000 - 0x00007fffcbd5b000 	C:\Windows\System32\GDI32.dll
0x00007fffcb870000 - 0x00007fffcb97f000 	C:\Windows\System32\gdi32full.dll
0x00007fffcb980000 - 0x00007fffcba1d000 	C:\Windows\System32\msvcp_win.dll
0x00007fffb61e0000 - 0x00007fffb647a000 	C:\Windows\WinSxS\amd64_microsoft.windows.common-controls_6595b64144ccf1df_6.0.19041.1110_none_60b5254171f9507e\COMCTL32.dll
0x00007fffc0ca0000 - 0x00007fffc0caa000 	C:\Windows\SYSTEM32\VERSION.dll
0x00007fffccdb0000 - 0x00007fffccde2000 	C:\Windows\System32\IMM32.DLL
0x00007fffc0ae0000 - 0x00007fffc0aec000 	C:\Program Files\bin\vcruntime140_1.dll
0x00007fffa20c0000 - 0x00007fffa214e000 	C:\Program Files\bin\msvcp140.dll
0x00007fff65110000 - 0x00007fff65dd0000 	C:\Program Files\bin\server\jvm.dll
0x00007fffc3840000 - 0x00007fffc3849000 	C:\Windows\SYSTEM32\WSOCK32.dll
0x00007fffcd730000 - 0x00007fffcd79b000 	C:\Windows\System32\WS2_32.dll
0x00007fffa6980000 - 0x00007fffa69a7000 	C:\Windows\SYSTEM32\WINMM.dll
0x00007fffc99b0000 - 0x00007fffc99c2000 	C:\Windows\SYSTEM32\kernel.appcore.dll
0x00007fffb9200000 - 0x00007fffb920a000 	C:\Program Files\bin\jimage.dll
0x00007fffc5d70000 - 0x00007fffc5f54000 	C:\Windows\SYSTEM32\DBGHELP.DLL
0x00007fffb01c0000 - 0x00007fffb01f5000 	C:\Windows\SYSTEM32\dbgcore.DLL
0x00007fffcba20000 - 0x00007fffcbaa2000 	C:\Windows\System32\bcryptPrimitives.dll
0x00007fffa2250000 - 0x00007fffa2276000 	C:\Program Files\bin\java.dll

dbghelp: loaded successfully - version: 4.0.5 - missing functions: none
symbol engine: initialized successfully - sym options: 0x614 - pdb path: .;C:\Program Files\bin;C:\Windows\SYSTEM32;C:\Windows\WinSxS\amd64_microsoft.windows.common-controls_6595b64144ccf1df_6.0.19041.1110_none_60b5254171f9507e;C:\Program Files\bin\server

VM Arguments:
jvm_args: -Dfile.encoding=UTF-8 -XX:+ShowCodeDetailsInExceptionMessages 
java_command: view.chatr
java_class_path (initial): D:\source\java\nhan\quanLySinhVien\target\classes;D:\source\java\nhan\quanLySinhVien\src\jdbc\mssql-jdbc-11.2.1.jre11.jar;D:\source\java\nhan\quanLySinhVien\src\jdbc\mssql-jdbc-11.2.1.jre17.jar;D:\source\java\nhan\quanLySinhVien\src\jdbc\mssql-jdbc-11.2.1.jre18.jar;D:\source\java\nhan\quanLySinhVien\src\jdbc\mssql-jdbc-11.2.1.jre8.jar;D:\source\java\nhan\quanLySinhVien\src\jdbc\sqljdbc42.jar;C:\Users\Nhan\Downloads\rs2xml (1).jar;C:\Users\Nhan\.m2\repository\javax\mail\mail\1.5.0-b01\mail-1.5.0-b01.jar;C:\Users\Nhan\.m2\repository\javax\activation\activation\1.1\activation-1.1.jar;C:\Users\Nhan\.m2\repository\mysql\mysql-connector-java\8.0.30\mysql-connector-java-8.0.30.jar;C:\Users\Nhan\.m2\repository\com\google\protobuf\protobuf-java\3.19.4\protobuf-java-3.19.4.jar;C:\Users\Nhan\.m2\repository\org\jfree\jfreechart\1.5.3\jfreechart-1.5.3.jar
Launcher Type: SUN_STANDARD

[Global flags]
     intx CICompilerCount                          = 3                                         {product} {ergonomic}
     uint ConcGCThreads                            = 1                                         {product} {ergonomic}
     uint G1ConcRefinementThreads                  = 4                                         {product} {ergonomic}
   size_t G1HeapRegionSize                         = 1048576                                   {product} {ergonomic}
    uintx GCDrainStackTargetSize                   = 64                                        {product} {ergonomic}
   size_t InitialHeapSize                          = 65011712                                  {product} {ergonomic}
   size_t MarkStackSize                            = 4194304                                   {product} {ergonomic}
   size_t MaxHeapSize                              = 1035993088                                {product} {ergonomic}
   size_t MinHeapDeltaBytes                        = 1048576                                   {product} {ergonomic}
   size_t MinHeapSize                              = 8388608                                   {product} {ergonomic}
    uintx NonNMethodCodeHeapSize                   = 5832780                                {pd product} {ergonomic}
    uintx NonProfiledCodeHeapSize                  = 122912730                              {pd product} {ergonomic}
    uintx ProfiledCodeHeapSize                     = 122912730                              {pd product} {ergonomic}
    uintx ReservedCodeCacheSize                    = 251658240                              {pd product} {ergonomic}
     bool SegmentedCodeCache                       = true                                      {product} {ergonomic}
     bool ShowCodeDetailsInExceptionMessages       = true                                   {manageable} {command line}
   size_t SoftMaxHeapSize                          = 1035993088                             {manageable} {ergonomic}
     bool UseCompressedClassPointers               = true                           {product lp64_product} {ergonomic}
     bool UseCompressedOops                        = true                           {product lp64_product} {ergonomic}
     bool UseG1GC                                  = true                                      {product} {ergonomic}
     bool UseLargePagesIndividualAllocation        = false                                  {pd product} {ergonomic}

Logging:
Log output configuration:
 #0: stdout all=warning uptime,level,tags foldmultilines=false
 #1: stderr all=off uptime,level,tags foldmultilines=false

Environment Variables:
PATH=C:\Program Files\Common Files\Oracle\Java\javapath;C:\Windows\system32;C:\Windows;C:\Windows\System32\Wbem;C:\Windows\System32\WindowsPowerShell\v1.0\;C:\Windows\System32\OpenSSH\;C:\Program Files\Azure Data Studio\bin;C:\MinGW\include;C:\MinGW\bin;C:\MinGW\lib;C:\Program Files\Git\cmd;C:\Users\Nhan\AppData\Local\Microsoft\WindowsApps;C:\Program Files\Azure Data Studio\bin;D:\source\cpp\demo\Microsoft VS Code\bin;C:\MinGW\bin;
USERNAME=Nhan
OS=Windows_NT
PROCESSOR_IDENTIFIER=Intel64 Family 6 Model 142 Stepping 9, GenuineIntel
TMP=C:\Users\Nhan\AppData\Local\Temp
TEMP=C:\Users\Nhan\AppData\Local\Temp



---------------  S Y S T E M  ---------------

OS:
 Windows 10 , 64 bit Build 19041 (10.0.19041.2546)
OS uptime: 1 days 6:57 hours

CPU: total 4 (initial active 4) (2 cores per cpu, 2 threads per core) family 6 model 142 stepping 9 microcode 0xb4, cx8, cmov, fxsr, ht, mmx, 3dnowpref, sse, sse2, sse3, ssse3, sse4.1, sse4.2, popcnt, lzcnt, tsc, tscinvbit, avx, avx2, aes, erms, clmul, bmi1, bmi2, adx, fma, vzeroupper, clflush, clflushopt, rdtscp

Memory: 4k page, system-wide physical 3946M (329M free)
TotalPageFile size 14131M (AvailPageFile size 49M)
current process WorkingSet (physical memory assigned to process): 9M, peak: 9M
current process commit charge ("private bytes"): 51M, peak: 113M

vm_info: Java HotSpot(TM) 64-Bit Server VM (19.0.1+10-21) for windows-amd64 JRE (19.0.1+10-21), built on 2022-09-14T12:45:06Z by "mach5one" with MS VC++ 17.1 (VS2022)

END.
